  GUI_Chessboard.c
C:\Users\julia\source\repos\Szachy_Julia_Merta\Szachy_Julia_Merta\GUI_Chessboard.c(213,6): error C2143: syntax error: missing ';' before '}'
C:\Users\julia\source\repos\Szachy_Julia_Merta\Szachy_Julia_Merta\GUI_Chessboard.c(224,1): error C2143: syntax error: missing ';' before '{'
C:\Users\julia\source\repos\Szachy_Julia_Merta\Szachy_Julia_Merta\GUI_Chessboard.c(230,33): error C2065: 'renderer': undeclared identifier
C:\Users\julia\source\repos\Szachy_Julia_Merta\Szachy_Julia_Merta\GUI_Chessboard.c(230,33): warning C4047: 'function': 'SDL_Renderer *' differs in levels of indirection from 'int'
C:\Users\julia\source\repos\Szachy_Julia_Merta\Szachy_Julia_Merta\GUI_Chessboard.c(230,33): warning C4024: 'SDL_SetRenderDrawColor': different types for formal and actual parameter 1
C:\Users\julia\source\repos\Szachy_Julia_Merta\Szachy_Julia_Merta\GUI_Chessboard.c(240,32): error C2065: 'renderer': undeclared identifier
C:\Users\julia\source\repos\Szachy_Julia_Merta\Szachy_Julia_Merta\GUI_Chessboard.c(240,32): warning C4047: 'function': 'SDL_Renderer *' differs in levels of indirection from 'int'
C:\Users\julia\source\repos\Szachy_Julia_Merta\Szachy_Julia_Merta\GUI_Chessboard.c(240,32): warning C4024: 'SDL_RenderFillRect': different types for formal and actual parameter 1
C:\Users\julia\source\repos\Szachy_Julia_Merta\Szachy_Julia_Merta\GUI_Chessboard.c(250,1): error C2143: syntax error: missing ';' before '{'
C:\Users\julia\source\repos\Szachy_Julia_Merta\Szachy_Julia_Merta\GUI_Chessboard.c(307,28): error C2065: 'renderer': undeclared identifier
C:\Users\julia\source\repos\Szachy_Julia_Merta\Szachy_Julia_Merta\GUI_Chessboard.c(307,28): warning C4047: 'function': 'SDL_Renderer *' differs in levels of indirection from 'int'
C:\Users\julia\source\repos\Szachy_Julia_Merta\Szachy_Julia_Merta\GUI_Chessboard.c(307,28): warning C4024: 'SDL_RenderCopy': different types for formal and actual parameter 1
C:\Users\julia\source\repos\Szachy_Julia_Merta\Szachy_Julia_Merta\GUI_Chessboard.c(315,1): error C2143: syntax error: missing ';' before '{'
C:\Users\julia\source\repos\Szachy_Julia_Merta\Szachy_Julia_Merta\GUI_Chessboard.c(319,48): error C2065: 'renderer': undeclared identifier
C:\Users\julia\source\repos\Szachy_Julia_Merta\Szachy_Julia_Merta\GUI_Chessboard.c(319,48): warning C4047: 'function': 'SDL_Renderer *' differs in levels of indirection from 'int'
C:\Users\julia\source\repos\Szachy_Julia_Merta\Szachy_Julia_Merta\GUI_Chessboard.c(319,48): warning C4024: 'GUI_DrawEmptyChessboard': different types for formal and actual parameter 2
C:\Users\julia\source\repos\Szachy_Julia_Merta\Szachy_Julia_Merta\GUI_Chessboard.c(321,40): error C2065: 'renderer': undeclared identifier
C:\Users\julia\source\repos\Szachy_Julia_Merta\Szachy_Julia_Merta\GUI_Chessboard.c(321,40): warning C4047: 'function': 'SDL_Renderer *' differs in levels of indirection from 'int'
C:\Users\julia\source\repos\Szachy_Julia_Merta\Szachy_Julia_Merta\GUI_Chessboard.c(321,40): warning C4024: 'GUI_DrawPieces': different types for formal and actual parameter 2
C:\Users\julia\source\repos\Szachy_Julia_Merta\Szachy_Julia_Merta\GUI_Chessboard.c(324,1): fatal error C1004: unexpected end-of-file found
